<?xml version="1.0" encoding="utf-8"?>
<resources>
    <string-array name="test_beacons">
        <item>ACFD065E-C3C0-11E3-9BBE-1A514932AC01;2000;1</item>

        <!--<item>ACFD065E-C3C0-11E3-9BBE-1A514932AC01;1001;10</item>
        <item>ACFD065E-C3C0-11E3-9BBE-1A514932AC01;1001;11</item>
        <item>ACFD065E-C3C0-11E3-9BBE-1A514932AC01;1001;12</item>
        <item>ACFD065E-C3C0-11E3-9BBE-1A514932AC01;1001;13</item>
        <item>ACFD065E-C3C0-11E3-9BBE-1A514932AC01;1001;14</item>
        <item>ACFD065E-C3C0-11E3-9BBE-1A514932AC01;1001;15</item>
        <item>ACFD065E-C3C0-11E3-9BBE-1A514932AC01;1001;16</item>
        <item>ACFD065E-C3C0-11E3-9BBE-1A514932AC01;1001;17</item>
        <item>ACFD065E-C3C0-11E3-9BBE-1A514932AC01;1001;18</item>
        <item>ACFD065E-C3C0-11E3-9BBE-1A514932AC01;1001;19</item>
        <item>ACFD065E-C3C0-11E3-9BBE-1A514932AC01;2001;10</item>
        <item>ACFD065E-C3C0-11E3-9BBE-1A514932AC01;2001;11</item>
        <item>ACFD065E-C3C0-11E3-9BBE-1A514932AC01;2001;12</item>
        <item>ACFD065E-C3C0-11E3-9BBE-1A514932AC01;2001;13</item>
        <item>ACFD065E-C3C0-11E3-9BBE-1A514932AC01;2001;15</item>
        <item>ACFD065E-C3C0-11E3-9BBE-1A514932AC01;2001;16</item>
        <item>ACFD065E-C3C0-11E3-9BBE-1A514932AC01;2001;17</item>
        <item>ACFD065E-C3C0-11E3-9BBE-1A514932AC01;2001;18</item>
        <item>ACFD065E-C3C0-11E3-9BBE-1A514932AC01;2001;19</item>
        <item>ACFD065E-C3C0-11E3-9BBE-1A514932AC01;2001;80</item>
        <item>ACFD065E-C3C0-11E3-9BBE-1A514932AC01;2001;90</item>
        <item>ACFD065E-C3C0-11E3-9BBE-1A514932AC01;2001;91</item>
        <item>ACFD065E-C3C0-11E3-9BBE-1A514932AC01;2001;92</item>
        <item>ACFD065E-C3C0-11E3-9BBE-1A514932AC01;2001;93</item>
        <item>ACFD065E-C3C0-11E3-9BBE-1A514932AC01;2001;94</item>
        <item>ACFD065E-C3C0-11E3-9BBE-1A514932AC01;2001;95</item>
        <item>ACFD065E-C3C0-11E3-9BBE-1A514932AC01;2001;96</item>
        <item>ACFD065E-C3C0-11E3-9BBE-1A514932AC01;2001;97</item>
        <item>ACFD065E-C3C0-11E3-9BBE-1A514932AC01;2001;98</item>
        <item>ACFD065E-C3C0-11E3-9BBE-1A514932AC01;2001;99</item>
        <item>ACFD065E-C3C0-11E3-9BBE-1A514932AC01;3001;90</item>-->

    </string-array>

</resources>